<?xml version="1.0" encoding="UTF-8"?>
<coverage generated="1677336339421" clover="3.2.0">
  <project timestamp="1677336339422" name="All files">
    <metrics statements="24" coveredstatements="24" conditionals="0" coveredconditionals="0" methods="10" coveredmethods="10" elements="34" coveredelements="34" complexity="0" loc="24" ncloc="24" packages="2" files="3" classes="3"/>
    <package name="newsapi-summary-project">
      <metrics statements="2" coveredstatements="2" conditionals="0" coveredconditionals="0" methods="0" coveredmethods="0"/>
      <file name="config.js" path="/Users/adam/Desktop/newsapi-summary-project/config.js">
        <metrics statements="2" coveredstatements="2" conditionals="0" coveredconditionals="0" methods="0" coveredmethods="0"/>
        <line num="1" count="1" type="stmt"/>
        <line num="3" count="1" type="stmt"/>
      </file>
    </package>
    <package name="newsapi-summary-project.lib">
      <metrics statements="22" coveredstatements="22" conditionals="0" coveredconditionals="0" methods="10" coveredmethods="10"/>
      <file name="articlesClient.js" path="/Users/adam/Desktop/newsapi-summary-project/lib/articlesClient.js">
        <metrics statements="8" coveredstatements="8" conditionals="0" coveredconditionals="0" methods="6" coveredmethods="6"/>
        <line num="2" count="1" type="stmt"/>
        <line num="7" count="1" type="stmt"/>
        <line num="8" count="1" type="stmt"/>
        <line num="9" count="1" type="stmt"/>
        <line num="13" count="1" type="stmt"/>
        <line num="14" count="1" type="stmt"/>
        <line num="15" count="1" type="stmt"/>
        <line num="19" count="1" type="stmt"/>
      </file>
      <file name="articlesModel.js" path="/Users/adam/Desktop/newsapi-summary-project/lib/articlesModel.js">
        <metrics statements="14" coveredstatements="14" conditionals="0" coveredconditionals="0" methods="4" coveredmethods="4"/>
        <line num="4" count="3" type="stmt"/>
        <line num="10" count="3" type="stmt"/>
        <line num="11" count="3" type="stmt"/>
        <line num="13" count="3" type="stmt"/>
        <line num="14" count="4" type="stmt"/>
        <line num="15" count="4" type="stmt"/>
        <line num="16" count="4" type="stmt"/>
        <line num="17" count="4" type="stmt"/>
        <line num="18" count="4" type="stmt"/>
        <line num="19" count="4" type="stmt"/>
        <line num="21" count="3" type="stmt"/>
        <line num="26" count="3" type="stmt"/>
        <line num="30" count="1" type="stmt"/>
        <line num="34" count="1" type="stmt"/>
      </file>
    </package>
  </project>
</coverage>
