{"/Users/elly/Desktop/Projects/news-summary-challenge/spec/new-list-modelSpec.js":{"path":"/Users/elly/Desktop/Projects/news-summary-challenge/spec/new-list-modelSpec.js","s":{"1":1,"2":1,"3":1,"4":1,"5":1,"6":1,"7":1},"b":{},"f":{"1":1,"2":1,"3":1},"fnMap":{"1":{"name":"(anonymous_1)","line":3,"loc":{"start":{"line":3,"column":21},"end":{"line":3,"column":32}}},"2":{"name":"(anonymous_2)","line":7,"loc":{"start":{"line":7,"column":13},"end":{"line":7,"column":24}}},"3":{"name":"(anonymous_3)","line":11,"loc":{"start":{"line":11,"column":18},"end":{"line":11,"column":29}}}},"statementMap":{"1":{"start":{"line":1,"column":0},"end":{"line":1,"column":58}},"2":{"start":{"line":3,"column":0},"end":{"line":16,"column":3}},"3":{"start":{"line":5,"column":2},"end":{"line":5,"column":12}},"4":{"start":{"line":7,"column":2},"end":{"line":9,"column":5}},"5":{"start":{"line":8,"column":4},"end":{"line":8,"column":57}},"6":{"start":{"line":11,"column":2},"end":{"line":13,"column":5}},"7":{"start":{"line":12,"column":4},"end":{"line":12,"column":31}}},"branchMap":{}},"/Users/elly/Desktop/Projects/news-summary-challenge/src/news-list-model.js":{"path":"/Users/elly/Desktop/Projects/news-summary-challenge/src/news-list-model.js","s":{"1":1,"2":1,"3":0,"4":0,"5":0,"6":1,"7":0,"8":0,"9":0,"10":0,"11":1,"12":0,"13":0,"14":1,"15":0,"16":0,"17":0,"18":0,"19":0,"20":0,"21":0,"22":1},"b":{"1":[0,0]},"f":{"1":1,"2":0,"3":0,"4":0,"5":0,"6":0,"7":0,"8":0},"fnMap":{"1":{"name":"(anonymous_1)","line":1,"loc":{"start":{"line":1,"column":1},"end":{"line":1,"column":19}}},"2":{"name":"NewsList","line":2,"loc":{"start":{"line":2,"column":2},"end":{"line":2,"column":31}}},"3":{"name":"(anonymous_3)","line":8,"loc":{"start":{"line":8,"column":33},"end":{"line":8,"column":51}}},"4":{"name":"(anonymous_4)","line":11,"loc":{"start":{"line":11,"column":20},"end":{"line":11,"column":32}}},"5":{"name":"(anonymous_5)","line":17,"loc":{"start":{"line":17,"column":32},"end":{"line":17,"column":45}}},"6":{"name":"(anonymous_6)","line":18,"loc":{"start":{"line":18,"column":30},"end":{"line":18,"column":45}}},"7":{"name":"(anonymous_7)","line":23,"loc":{"start":{"line":23,"column":31},"end":{"line":23,"column":42}}},"8":{"name":"(anonymous_8)","line":29,"loc":{"start":{"line":29,"column":21},"end":{"line":29,"column":33}}}},"statementMap":{"1":{"start":{"line":1,"column":0},"end":{"line":37,"column":8}},"2":{"start":{"line":2,"column":2},"end":{"line":6,"column":3}},"3":{"start":{"line":3,"column":4},"end":{"line":3,"column":23}},"4":{"start":{"line":4,"column":4},"end":{"line":4,"column":66}},"5":{"start":{"line":5,"column":4},"end":{"line":5,"column":19}},"6":{"start":{"line":8,"column":2},"end":{"line":15,"column":4}},"7":{"start":{"line":9,"column":4},"end":{"line":9,"column":20}},"8":{"start":{"line":11,"column":4},"end":{"line":14,"column":6}},"9":{"start":{"line":12,"column":6},"end":{"line":12,"column":105}},"10":{"start":{"line":13,"column":6},"end":{"line":13,"column":30}},"11":{"start":{"line":17,"column":2},"end":{"line":21,"column":4}},"12":{"start":{"line":18,"column":4},"end":{"line":20,"column":6}},"13":{"start":{"line":19,"column":6},"end":{"line":19,"column":27}},"14":{"start":{"line":23,"column":2},"end":{"line":34,"column":4}},"15":{"start":{"line":24,"column":4},"end":{"line":24,"column":20}},"16":{"start":{"line":25,"column":4},"end":{"line":25,"column":39}},"17":{"start":{"line":26,"column":4},"end":{"line":26,"column":217}},"18":{"start":{"line":29,"column":4},"end":{"line":32,"column":5}},"19":{"start":{"line":30,"column":6},"end":{"line":30,"column":46}},"20":{"start":{"line":31,"column":6},"end":{"line":31,"column":44}},"21":{"start":{"line":33,"column":4},"end":{"line":33,"column":19}},"22":{"start":{"line":36,"column":2},"end":{"line":36,"column":29}}},"branchMap":{"1":{"line":4,"type":"cond-expr","locations":[{"start":{"line":4,"column":32},"end":{"line":4,"column":41}},{"start":{"line":4,"column":44},"end":{"line":4,"column":65}}]}}},"/Users/elly/Desktop/Projects/news-summary-challenge/spec/news-modelSpec.js":{"path":"/Users/elly/Desktop/Projects/news-summary-challenge/spec/news-modelSpec.js","s":{"1":1,"2":1,"3":1,"4":1,"5":1,"6":1,"7":1,"8":1},"b":{},"f":{"1":1,"2":1,"3":1},"fnMap":{"1":{"name":"(anonymous_1)","line":5,"loc":{"start":{"line":5,"column":17},"end":{"line":5,"column":28}}},"2":{"name":"(anonymous_2)","line":9,"loc":{"start":{"line":9,"column":13},"end":{"line":9,"column":24}}},"3":{"name":"(anonymous_3)","line":13,"loc":{"start":{"line":13,"column":21},"end":{"line":13,"column":32}}}},"statementMap":{"1":{"start":{"line":1,"column":0},"end":{"line":1,"column":49}},"2":{"start":{"line":3,"column":0},"end":{"line":3,"column":23}},"3":{"start":{"line":5,"column":0},"end":{"line":18,"column":3}},"4":{"start":{"line":7,"column":2},"end":{"line":7,"column":12}},"5":{"start":{"line":9,"column":2},"end":{"line":11,"column":5}},"6":{"start":{"line":10,"column":4},"end":{"line":10,"column":53}},"7":{"start":{"line":13,"column":2},"end":{"line":15,"column":5}},"8":{"start":{"line":14,"column":4},"end":{"line":14,"column":31}}},"branchMap":{}},"/Users/elly/Desktop/Projects/news-summary-challenge/src/news-model.js":{"path":"/Users/elly/Desktop/Projects/news-summary-challenge/src/news-model.js","s":{"1":1,"2":1,"3":1,"4":1,"5":1,"6":1,"7":1,"8":1,"9":1,"10":1},"b":{},"f":{"1":1,"2":1},"fnMap":{"1":{"name":"(anonymous_1)","line":1,"loc":{"start":{"line":1,"column":1},"end":{"line":1,"column":19}}},"2":{"name":"News","line":4,"loc":{"start":{"line":4,"column":2},"end":{"line":4,"column":51}}}},"statementMap":{"1":{"start":{"line":1,"column":0},"end":{"line":15,"column":8}},"2":{"start":{"line":2,"column":2},"end":{"line":2,"column":13}},"3":{"start":{"line":4,"column":2},"end":{"line":12,"column":3}},"4":{"start":{"line":5,"column":4},"end":{"line":5,"column":23}},"5":{"start":{"line":6,"column":4},"end":{"line":6,"column":21}},"6":{"start":{"line":7,"column":4},"end":{"line":7,"column":19}},"7":{"start":{"line":8,"column":4},"end":{"line":9,"column":20}},"8":{"start":{"line":10,"column":4},"end":{"line":10,"column":8}},"9":{"start":{"line":11,"column":4},"end":{"line":11,"column":17}},"10":{"start":{"line":14,"column":2},"end":{"line":14,"column":21}}},"branchMap":{}}}