{"/Users/ritaaktay/Projects/javascript/news-summary-challenge/apiKey.js": {"path":"/Users/ritaaktay/Projects/javascript/news-summary-challenge/apiKey.js","statementMap":{"0":{"start":{"line":1,"column":16},"end":{"line":1,"column":50}},"1":{"start":{"line":3,"column":0},"end":{"line":3,"column":25}}},"fnMap":{},"branchMap":{},"s":{"0":1,"1":1},"f":{},"b":{},"_coverageSchema":"1a1c01bbd47fc00a2c39e90264f33305004495a9","hash":"2c79c429be0cef4139848fb6151a38bdade0b085"}
,"/Users/ritaaktay/Projects/javascript/news-summary-challenge/mockArticleObjects.js": {"path":"/Users/ritaaktay/Projects/javascript/news-summary-challenge/mockArticleObjects.js","statementMap":{"0":{"start":{"line":1,"column":21},"end":{"line":68,"column":1}},"1":{"start":{"line":69,"column":0},"end":{"line":69,"column":30}}},"fnMap":{},"branchMap":{},"s":{"0":4,"1":4},"f":{},"b":{},"_coverageSchema":"1a1c01bbd47fc00a2c39e90264f33305004495a9","hash":"e5e1bf994f92a7be578218c9bb78ff4d3d7d030a"}
,"/Users/ritaaktay/Projects/javascript/news-summary-challenge/src/articlesController.js": {"path":"/Users/ritaaktay/Projects/javascript/news-summary-challenge/src/articlesController.js","statementMap":{"0":{"start":{"line":3,"column":4},"end":{"line":3,"column":23}},"1":{"start":{"line":4,"column":4},"end":{"line":4,"column":21}},"2":{"start":{"line":5,"column":4},"end":{"line":5,"column":19}},"3":{"start":{"line":7,"column":4},"end":{"line":7,"column":34}},"4":{"start":{"line":10,"column":17},"end":{"line":19,"column":3}},"5":{"start":{"line":11,"column":4},"end":{"line":18,"column":5}},"6":{"start":{"line":12,"column":19},"end":{"line":12,"column":47}},"7":{"start":{"line":13,"column":6},"end":{"line":13,"column":35}},"8":{"start":{"line":14,"column":23},"end":{"line":14,"column":47}},"9":{"start":{"line":15,"column":6},"end":{"line":15,"column":42}},"10":{"start":{"line":17,"column":6},"end":{"line":17,"column":25}},"11":{"start":{"line":21,"column":27},"end":{"line":23,"column":3}},"12":{"start":{"line":22,"column":4},"end":{"line":22,"column":62}},"13":{"start":{"line":25,"column":24},"end":{"line":35,"column":3}},"14":{"start":{"line":26,"column":4},"end":{"line":34,"column":5}},"15":{"start":{"line":27,"column":19},"end":{"line":27,"column":47}},"16":{"start":{"line":28,"column":6},"end":{"line":28,"column":35}},"17":{"start":{"line":29,"column":23},"end":{"line":29,"column":64}},"18":{"start":{"line":30,"column":6},"end":{"line":30,"column":28}},"19":{"start":{"line":31,"column":6},"end":{"line":31,"column":42}},"20":{"start":{"line":33,"column":6},"end":{"line":33,"column":25}},"21":{"start":{"line":38,"column":0},"end":{"line":38,"column":36}}},"fnMap":{"0":{"name":"(anonymous_0)","decl":{"start":{"line":2,"column":2},"end":{"line":2,"column":3}},"loc":{"start":{"line":2,"column":32},"end":{"line":8,"column":3}},"line":2},"1":{"name":"(anonymous_1)","decl":{"start":{"line":10,"column":17},"end":{"line":10,"column":18}},"loc":{"start":{"line":10,"column":29},"end":{"line":19,"column":3}},"line":10},"2":{"name":"(anonymous_2)","decl":{"start":{"line":21,"column":27},"end":{"line":21,"column":28}},"loc":{"start":{"line":21,"column":33},"end":{"line":23,"column":3}},"line":21},"3":{"name":"(anonymous_3)","decl":{"start":{"line":25,"column":24},"end":{"line":25,"column":25}},"loc":{"start":{"line":25,"column":47},"end":{"line":35,"column":3}},"line":25}},"branchMap":{},"s":{"0":1,"1":1,"2":1,"3":1,"4":1,"5":1,"6":1,"7":1,"8":1,"9":1,"10":0,"11":1,"12":1,"13":1,"14":0,"15":0,"16":0,"17":0,"18":0,"19":0,"20":0,"21":1},"f":{"0":1,"1":1,"2":1,"3":0},"b":{},"_coverageSchema":"1a1c01bbd47fc00a2c39e90264f33305004495a9","hash":"3fcf52ba0dbf915dd5c8727d4b9ad8e7afac2cee"}
,"/Users/ritaaktay/Projects/javascript/news-summary-challenge/src/articlesModel.js": {"path":"/Users/ritaaktay/Projects/javascript/news-summary-challenge/src/articlesModel.js","statementMap":{"0":{"start":{"line":3,"column":4},"end":{"line":3,"column":23}},"1":{"start":{"line":7,"column":4},"end":{"line":7,"column":25}},"2":{"start":{"line":11,"column":4},"end":{"line":11,"column":25}},"3":{"start":{"line":15,"column":29},"end":{"line":17,"column":5}},"4":{"start":{"line":16,"column":6},"end":{"line":16,"column":41}},"5":{"start":{"line":18,"column":4},"end":{"line":18,"column":28}},"6":{"start":{"line":22,"column":0},"end":{"line":22,"column":31}}},"fnMap":{"0":{"name":"(anonymous_0)","decl":{"start":{"line":2,"column":2},"end":{"line":2,"column":3}},"loc":{"start":{"line":2,"column":16},"end":{"line":4,"column":3}},"line":2},"1":{"name":"(anonymous_1)","decl":{"start":{"line":6,"column":2},"end":{"line":6,"column":3}},"loc":{"start":{"line":6,"column":20},"end":{"line":8,"column":3}},"line":6},"2":{"name":"(anonymous_2)","decl":{"start":{"line":10,"column":2},"end":{"line":10,"column":3}},"loc":{"start":{"line":10,"column":16},"end":{"line":12,"column":3}},"line":10},"3":{"name":"(anonymous_3)","decl":{"start":{"line":14,"column":2},"end":{"line":14,"column":3}},"loc":{"start":{"line":14,"column":33},"end":{"line":19,"column":3}},"line":14},"4":{"name":"(anonymous_4)","decl":{"start":{"line":15,"column":50},"end":{"line":15,"column":51}},"loc":{"start":{"line":16,"column":6},"end":{"line":16,"column":41}},"line":16}},"branchMap":{},"s":{"0":4,"1":4,"2":2,"3":2,"4":8,"5":2,"6":2},"f":{"0":4,"1":4,"2":2,"3":2,"4":8},"b":{},"_coverageSchema":"1a1c01bbd47fc00a2c39e90264f33305004495a9","hash":"2b0db30fe0d14f10d62f67bcbd5381bb798a48f5"}
,"/Users/ritaaktay/Projects/javascript/news-summary-challenge/src/articlesView.js": {"path":"/Users/ritaaktay/Projects/javascript/news-summary-challenge/src/articlesView.js","statementMap":{"0":{"start":{"line":3,"column":4},"end":{"line":3,"column":77}},"1":{"start":{"line":4,"column":4},"end":{"line":4,"column":65}},"2":{"start":{"line":5,"column":4},"end":{"line":5,"column":63}},"3":{"start":{"line":8,"column":20},"end":{"line":19,"column":3}},"4":{"start":{"line":9,"column":4},"end":{"line":9,"column":26}},"5":{"start":{"line":10,"column":4},"end":{"line":18,"column":5}},"6":{"start":{"line":10,"column":17},"end":{"line":10,"column":18}},"7":{"start":{"line":11,"column":20},"end":{"line":11,"column":49}},"8":{"start":{"line":12,"column":6},"end":{"line":12,"column":30}},"9":{"start":{"line":13,"column":6},"end":{"line":13,"column":62}},"10":{"start":{"line":14,"column":6},"end":{"line":16,"column":7}},"11":{"start":{"line":15,"column":8},"end":{"line":15,"column":72}},"12":{"start":{"line":17,"column":6},"end":{"line":17,"column":45}},"13":{"start":{"line":21,"column":26},"end":{"line":25,"column":3}},"14":{"start":{"line":22,"column":4},"end":{"line":24,"column":7}},"15":{"start":{"line":23,"column":6},"end":{"line":23,"column":39}},"16":{"start":{"line":27,"column":19},"end":{"line":33,"column":3}},"17":{"start":{"line":28,"column":16},"end":{"line":28,"column":58}},"18":{"start":{"line":29,"column":4},"end":{"line":32,"column":5}},"19":{"start":{"line":30,"column":6},"end":{"line":30,"column":21}},"20":{"start":{"line":31,"column":6},"end":{"line":31,"column":57}},"21":{"start":{"line":35,"column":25},"end":{"line":44,"column":3}},"22":{"start":{"line":36,"column":21},"end":{"line":36,"column":50}},"23":{"start":{"line":37,"column":4},"end":{"line":37,"column":36}},"24":{"start":{"line":38,"column":19},"end":{"line":38,"column":48}},"25":{"start":{"line":39,"column":4},"end":{"line":39,"column":35}},"26":{"start":{"line":40,"column":4},"end":{"line":40,"column":59}},"27":{"start":{"line":41,"column":4},"end":{"line":41,"column":51}},"28":{"start":{"line":42,"column":4},"end":{"line":42,"column":28}},"29":{"start":{"line":43,"column":4},"end":{"line":43,"column":20}},"30":{"start":{"line":47,"column":19},"end":{"line":47,"column":48}},"31":{"start":{"line":48,"column":4},"end":{"line":48,"column":35}},"32":{"start":{"line":49,"column":4},"end":{"line":49,"column":41}},"33":{"start":{"line":50,"column":4},"end":{"line":50,"column":51}},"34":{"start":{"line":51,"column":4},"end":{"line":51,"column":55}},"35":{"start":{"line":52,"column":4},"end":{"line":52,"column":59}},"36":{"start":{"line":53,"column":4},"end":{"line":53,"column":53}},"37":{"start":{"line":54,"column":4},"end":{"line":54,"column":48}},"38":{"start":{"line":55,"column":4},"end":{"line":55,"column":57}},"39":{"start":{"line":56,"column":4},"end":{"line":56,"column":18}},"40":{"start":{"line":60,"column":20},"end":{"line":60,"column":48}},"41":{"start":{"line":61,"column":4},"end":{"line":61,"column":37}},"42":{"start":{"line":62,"column":4},"end":{"line":62,"column":32}},"43":{"start":{"line":63,"column":4},"end":{"line":63,"column":19}},"44":{"start":{"line":67,"column":23},"end":{"line":67,"column":50}},"45":{"start":{"line":68,"column":4},"end":{"line":68,"column":39}},"46":{"start":{"line":69,"column":4},"end":{"line":69,"column":38}},"47":{"start":{"line":70,"column":4},"end":{"line":70,"column":22}},"48":{"start":{"line":74,"column":22},"end":{"line":74,"column":49}},"49":{"start":{"line":75,"column":4},"end":{"line":75,"column":43}},"50":{"start":{"line":76,"column":25},"end":{"line":76,"column":56}},"51":{"start":{"line":77,"column":4},"end":{"line":77,"column":42}},"52":{"start":{"line":78,"column":4},"end":{"line":78,"column":53}},"53":{"start":{"line":79,"column":4},"end":{"line":79,"column":35}},"54":{"start":{"line":80,"column":4},"end":{"line":80,"column":21}},"55":{"start":{"line":84,"column":19},"end":{"line":84,"column":46}},"56":{"start":{"line":85,"column":4},"end":{"line":85,"column":40}},"57":{"start":{"line":86,"column":22},"end":{"line":86,"column":53}},"58":{"start":{"line":87,"column":4},"end":{"line":87,"column":39}},"59":{"start":{"line":88,"column":4},"end":{"line":88,"column":51}},"60":{"start":{"line":89,"column":4},"end":{"line":89,"column":29}},"61":{"start":{"line":90,"column":4},"end":{"line":90,"column":18}},"62":{"start":{"line":94,"column":16},"end":{"line":94,"column":34}},"63":{"start":{"line":95,"column":17},"end":{"line":95,"column":61}},"64":{"start":{"line":96,"column":4},"end":{"line":96,"column":28}},"65":{"start":{"line":100,"column":21},"end":{"line":100,"column":48}},"66":{"start":{"line":101,"column":4},"end":{"line":101,"column":42}},"67":{"start":{"line":102,"column":24},"end":{"line":102,"column":55}},"68":{"start":{"line":103,"column":4},"end":{"line":103,"column":41}},"69":{"start":{"line":104,"column":4},"end":{"line":104,"column":37}},"70":{"start":{"line":105,"column":4},"end":{"line":105,"column":33}},"71":{"start":{"line":106,"column":4},"end":{"line":106,"column":20}},"72":{"start":{"line":110,"column":22},"end":{"line":110,"column":49}},"73":{"start":{"line":111,"column":4},"end":{"line":111,"column":38}},"74":{"start":{"line":112,"column":20},"end":{"line":112,"column":51}},"75":{"start":{"line":113,"column":19},"end":{"line":113,"column":46}},"76":{"start":{"line":114,"column":4},"end":{"line":114,"column":22}},"77":{"start":{"line":115,"column":4},"end":{"line":115,"column":32}},"78":{"start":{"line":116,"column":4},"end":{"line":116,"column":27}},"79":{"start":{"line":117,"column":4},"end":{"line":117,"column":30}},"80":{"start":{"line":118,"column":4},"end":{"line":118,"column":21}},"81":{"start":{"line":122,"column":20},"end":{"line":122,"column":49}},"82":{"start":{"line":123,"column":4},"end":{"line":123,"column":52}},"83":{"start":{"line":124,"column":4},"end":{"line":124,"column":31}},"84":{"start":{"line":125,"column":4},"end":{"line":125,"column":35}},"85":{"start":{"line":126,"column":4},"end":{"line":126,"column":34}},"86":{"start":{"line":127,"column":4},"end":{"line":127,"column":19}},"87":{"start":{"line":131,"column":0},"end":{"line":131,"column":30}}},"fnMap":{"0":{"name":"(anonymous_0)","decl":{"start":{"line":2,"column":2},"end":{"line":2,"column":3}},"loc":{"start":{"line":2,"column":16},"end":{"line":6,"column":3}},"line":2},"1":{"name":"(anonymous_1)","decl":{"start":{"line":8,"column":20},"end":{"line":8,"column":21}},"loc":{"start":{"line":8,"column":34},"end":{"line":19,"column":3}},"line":8},"2":{"name":"(anonymous_2)","decl":{"start":{"line":21,"column":26},"end":{"line":21,"column":27}},"loc":{"start":{"line":21,"column":40},"end":{"line":25,"column":3}},"line":21},"3":{"name":"(anonymous_3)","decl":{"start":{"line":22,"column":48},"end":{"line":22,"column":49}},"loc":{"start":{"line":22,"column":54},"end":{"line":24,"column":5}},"line":22},"4":{"name":"(anonymous_4)","decl":{"start":{"line":27,"column":19},"end":{"line":27,"column":20}},"loc":{"start":{"line":27,"column":25},"end":{"line":33,"column":3}},"line":27},"5":{"name":"(anonymous_5)","decl":{"start":{"line":35,"column":25},"end":{"line":35,"column":26}},"loc":{"start":{"line":35,"column":45},"end":{"line":44,"column":3}},"line":35}},"branchMap":{"0":{"loc":{"start":{"line":14,"column":6},"end":{"line":16,"column":7}},"type":"if","locations":[{"start":{"line":14,"column":6},"end":{"line":16,"column":7}},{"start":{},"end":{}}],"line":14}},"s":{"0":4,"1":4,"2":4,"3":4,"4":5,"5":5,"6":5,"7":10,"8":10,"9":10,"10":10,"11":9,"12":10,"13":4,"14":1,"15":0,"16":4,"17":5,"18":5,"19":2,"20":2,"21":4,"22":19,"23":19,"24":19,"25":19,"26":19,"27":19,"28":19,"29":19,"30":19,"31":19,"32":19,"33":19,"34":19,"35":19,"36":19,"37":19,"38":19,"39":19,"40":19,"41":19,"42":19,"43":19,"44":19,"45":19,"46":19,"47":19,"48":19,"49":19,"50":19,"51":19,"52":19,"53":19,"54":19,"55":19,"56":19,"57":19,"58":19,"59":19,"60":19,"61":19,"62":19,"63":19,"64":19,"65":19,"66":19,"67":19,"68":19,"69":19,"70":19,"71":19,"72":19,"73":19,"74":19,"75":19,"76":19,"77":19,"78":19,"79":19,"80":19,"81":19,"82":19,"83":19,"84":19,"85":19,"86":19,"87":2},"f":{"0":4,"1":5,"2":1,"3":0,"4":5,"5":19},"b":{"0":[9,1]},"_coverageSchema":"1a1c01bbd47fc00a2c39e90264f33305004495a9","hash":"769e4281573cc410fdd8a178dde5be158ac1ac6d"}
,"/Users/ritaaktay/Projects/javascript/news-summary-challenge/src/newYorkTimesApi.js": {"path":"/Users/ritaaktay/Projects/javascript/news-summary-challenge/src/newYorkTimesApi.js","statementMap":{"0":{"start":{"line":1,"column":16},"end":{"line":1,"column":36}},"1":{"start":{"line":5,"column":4},"end":{"line":5,"column":60}},"2":{"start":{"line":6,"column":4},"end":{"line":6,"column":40}},"3":{"start":{"line":10,"column":21},"end":{"line":10,"column":49}},"4":{"start":{"line":11,"column":4},"end":{"line":11,"column":20}},"5":{"start":{"line":15,"column":17},"end":{"line":15,"column":28}},"6":{"start":{"line":16,"column":16},"end":{"line":16,"column":45}},"7":{"start":{"line":17,"column":21},"end":{"line":17,"column":63}},"8":{"start":{"line":17,"column":52},"end":{"line":17,"column":62}},"9":{"start":{"line":18,"column":4},"end":{"line":18,"column":28}},"10":{"start":{"line":22,"column":0},"end":{"line":22,"column":33}}},"fnMap":{"0":{"name":"(anonymous_0)","decl":{"start":{"line":4,"column":2},"end":{"line":4,"column":3}},"loc":{"start":{"line":4,"column":16},"end":{"line":7,"column":3}},"line":4},"1":{"name":"(anonymous_1)","decl":{"start":{"line":9,"column":2},"end":{"line":9,"column":3}},"loc":{"start":{"line":9,"column":22},"end":{"line":12,"column":3}},"line":9},"2":{"name":"(anonymous_2)","decl":{"start":{"line":14,"column":2},"end":{"line":14,"column":3}},"loc":{"start":{"line":14,"column":26},"end":{"line":19,"column":3}},"line":14},"3":{"name":"(anonymous_3)","decl":{"start":{"line":17,"column":43},"end":{"line":17,"column":44}},"loc":{"start":{"line":17,"column":52},"end":{"line":17,"column":62}},"line":17}},"branchMap":{},"s":{"0":1,"1":1,"2":1,"3":1,"4":1,"5":1,"6":1,"7":1,"8":1,"9":1,"10":1},"f":{"0":1,"1":1,"2":1,"3":1},"b":{},"_coverageSchema":"1a1c01bbd47fc00a2c39e90264f33305004495a9","hash":"765f7dc6762350b7b07a7d145ba84d8623ae0263"}
}
