{"/Users/ritaaktay/Projects/javascript/news-summary-challenge/apiKey.js": {"path":"/Users/ritaaktay/Projects/javascript/news-summary-challenge/apiKey.js","statementMap":{"0":{"start":{"line":1,"column":16},"end":{"line":1,"column":50}},"1":{"start":{"line":3,"column":0},"end":{"line":3,"column":25}}},"fnMap":{},"branchMap":{},"s":{"0":1,"1":1},"f":{},"b":{},"_coverageSchema":"1a1c01bbd47fc00a2c39e90264f33305004495a9","hash":"2c79c429be0cef4139848fb6151a38bdade0b085"}
,"/Users/ritaaktay/Projects/javascript/news-summary-challenge/mockArticleObjects.js": {"path":"/Users/ritaaktay/Projects/javascript/news-summary-challenge/mockArticleObjects.js","statementMap":{"0":{"start":{"line":1,"column":21},"end":{"line":68,"column":1}},"1":{"start":{"line":69,"column":0},"end":{"line":69,"column":30}}},"fnMap":{},"branchMap":{},"s":{"0":3,"1":3},"f":{},"b":{},"_coverageSchema":"1a1c01bbd47fc00a2c39e90264f33305004495a9","hash":"e5e1bf994f92a7be578218c9bb78ff4d3d7d030a"}
,"/Users/ritaaktay/Projects/javascript/news-summary-challenge/src/articlesModel.js": {"path":"/Users/ritaaktay/Projects/javascript/news-summary-challenge/src/articlesModel.js","statementMap":{"0":{"start":{"line":3,"column":4},"end":{"line":3,"column":23}},"1":{"start":{"line":7,"column":4},"end":{"line":7,"column":25}},"2":{"start":{"line":8,"column":4},"end":{"line":8,"column":25}},"3":{"start":{"line":12,"column":0},"end":{"line":12,"column":31}}},"fnMap":{"0":{"name":"(anonymous_0)","decl":{"start":{"line":2,"column":2},"end":{"line":2,"column":3}},"loc":{"start":{"line":2,"column":16},"end":{"line":4,"column":3}},"line":2},"1":{"name":"(anonymous_1)","decl":{"start":{"line":6,"column":2},"end":{"line":6,"column":3}},"loc":{"start":{"line":6,"column":20},"end":{"line":9,"column":3}},"line":6}},"branchMap":{},"s":{"0":1,"1":1,"2":1,"3":1},"f":{"0":1,"1":1},"b":{},"_coverageSchema":"1a1c01bbd47fc00a2c39e90264f33305004495a9","hash":"b5e22cc93597cc9ffb21f2e53d1cd39706ef2eec"}
,"/Users/ritaaktay/Projects/javascript/news-summary-challenge/src/articlesView.js": {"path":"/Users/ritaaktay/Projects/javascript/news-summary-challenge/src/articlesView.js","statementMap":{"0":{"start":{"line":3,"column":4},"end":{"line":3,"column":77}},"1":{"start":{"line":6,"column":20},"end":{"line":15,"column":3}},"2":{"start":{"line":7,"column":4},"end":{"line":7,"column":49}},"3":{"start":{"line":7,"column":34},"end":{"line":7,"column":49}},"4":{"start":{"line":8,"column":4},"end":{"line":14,"column":5}},"5":{"start":{"line":8,"column":17},"end":{"line":8,"column":18}},"6":{"start":{"line":9,"column":20},"end":{"line":9,"column":49}},"7":{"start":{"line":10,"column":6},"end":{"line":10,"column":30}},"8":{"start":{"line":11,"column":6},"end":{"line":11,"column":62}},"9":{"start":{"line":12,"column":6},"end":{"line":12,"column":70}},"10":{"start":{"line":13,"column":6},"end":{"line":13,"column":45}},"11":{"start":{"line":17,"column":25},"end":{"line":26,"column":3}},"12":{"start":{"line":18,"column":21},"end":{"line":18,"column":50}},"13":{"start":{"line":19,"column":4},"end":{"line":19,"column":36}},"14":{"start":{"line":20,"column":19},"end":{"line":20,"column":48}},"15":{"start":{"line":21,"column":4},"end":{"line":21,"column":35}},"16":{"start":{"line":22,"column":4},"end":{"line":22,"column":59}},"17":{"start":{"line":23,"column":4},"end":{"line":23,"column":51}},"18":{"start":{"line":24,"column":4},"end":{"line":24,"column":28}},"19":{"start":{"line":25,"column":4},"end":{"line":25,"column":20}},"20":{"start":{"line":29,"column":19},"end":{"line":29,"column":48}},"21":{"start":{"line":30,"column":4},"end":{"line":30,"column":35}},"22":{"start":{"line":31,"column":4},"end":{"line":31,"column":41}},"23":{"start":{"line":32,"column":4},"end":{"line":32,"column":51}},"24":{"start":{"line":33,"column":4},"end":{"line":33,"column":55}},"25":{"start":{"line":34,"column":4},"end":{"line":34,"column":59}},"26":{"start":{"line":35,"column":4},"end":{"line":35,"column":53}},"27":{"start":{"line":36,"column":4},"end":{"line":36,"column":48}},"28":{"start":{"line":37,"column":4},"end":{"line":37,"column":57}},"29":{"start":{"line":38,"column":4},"end":{"line":38,"column":18}},"30":{"start":{"line":42,"column":20},"end":{"line":42,"column":48}},"31":{"start":{"line":43,"column":4},"end":{"line":43,"column":37}},"32":{"start":{"line":44,"column":4},"end":{"line":44,"column":32}},"33":{"start":{"line":45,"column":4},"end":{"line":45,"column":19}},"34":{"start":{"line":49,"column":23},"end":{"line":49,"column":50}},"35":{"start":{"line":50,"column":4},"end":{"line":50,"column":39}},"36":{"start":{"line":51,"column":4},"end":{"line":51,"column":38}},"37":{"start":{"line":52,"column":4},"end":{"line":52,"column":22}},"38":{"start":{"line":56,"column":22},"end":{"line":56,"column":49}},"39":{"start":{"line":57,"column":4},"end":{"line":57,"column":43}},"40":{"start":{"line":58,"column":25},"end":{"line":58,"column":56}},"41":{"start":{"line":59,"column":4},"end":{"line":59,"column":42}},"42":{"start":{"line":60,"column":4},"end":{"line":60,"column":53}},"43":{"start":{"line":61,"column":4},"end":{"line":61,"column":35}},"44":{"start":{"line":62,"column":4},"end":{"line":62,"column":21}},"45":{"start":{"line":66,"column":19},"end":{"line":66,"column":46}},"46":{"start":{"line":67,"column":4},"end":{"line":67,"column":40}},"47":{"start":{"line":68,"column":22},"end":{"line":68,"column":53}},"48":{"start":{"line":69,"column":4},"end":{"line":69,"column":39}},"49":{"start":{"line":70,"column":4},"end":{"line":70,"column":51}},"50":{"start":{"line":71,"column":4},"end":{"line":71,"column":29}},"51":{"start":{"line":72,"column":4},"end":{"line":72,"column":18}},"52":{"start":{"line":76,"column":16},"end":{"line":76,"column":34}},"53":{"start":{"line":77,"column":17},"end":{"line":77,"column":61}},"54":{"start":{"line":78,"column":4},"end":{"line":78,"column":28}},"55":{"start":{"line":82,"column":21},"end":{"line":82,"column":48}},"56":{"start":{"line":83,"column":4},"end":{"line":83,"column":42}},"57":{"start":{"line":84,"column":24},"end":{"line":84,"column":55}},"58":{"start":{"line":85,"column":4},"end":{"line":85,"column":41}},"59":{"start":{"line":86,"column":4},"end":{"line":86,"column":37}},"60":{"start":{"line":87,"column":4},"end":{"line":87,"column":33}},"61":{"start":{"line":88,"column":4},"end":{"line":88,"column":20}},"62":{"start":{"line":92,"column":22},"end":{"line":92,"column":49}},"63":{"start":{"line":93,"column":4},"end":{"line":93,"column":38}},"64":{"start":{"line":94,"column":20},"end":{"line":94,"column":51}},"65":{"start":{"line":95,"column":19},"end":{"line":95,"column":46}},"66":{"start":{"line":96,"column":4},"end":{"line":96,"column":22}},"67":{"start":{"line":97,"column":4},"end":{"line":97,"column":32}},"68":{"start":{"line":98,"column":4},"end":{"line":98,"column":27}},"69":{"start":{"line":99,"column":4},"end":{"line":99,"column":30}},"70":{"start":{"line":100,"column":4},"end":{"line":100,"column":21}},"71":{"start":{"line":104,"column":20},"end":{"line":104,"column":49}},"72":{"start":{"line":105,"column":4},"end":{"line":105,"column":52}},"73":{"start":{"line":106,"column":4},"end":{"line":106,"column":31}},"74":{"start":{"line":107,"column":4},"end":{"line":107,"column":35}},"75":{"start":{"line":108,"column":4},"end":{"line":108,"column":34}},"76":{"start":{"line":109,"column":4},"end":{"line":109,"column":19}},"77":{"start":{"line":113,"column":0},"end":{"line":113,"column":30}}},"fnMap":{"0":{"name":"(anonymous_0)","decl":{"start":{"line":2,"column":2},"end":{"line":2,"column":3}},"loc":{"start":{"line":2,"column":16},"end":{"line":4,"column":3}},"line":2},"1":{"name":"(anonymous_1)","decl":{"start":{"line":6,"column":20},"end":{"line":6,"column":21}},"loc":{"start":{"line":6,"column":34},"end":{"line":15,"column":3}},"line":6},"2":{"name":"(anonymous_2)","decl":{"start":{"line":17,"column":25},"end":{"line":17,"column":26}},"loc":{"start":{"line":17,"column":45},"end":{"line":26,"column":3}},"line":17}},"branchMap":{"0":{"loc":{"start":{"line":7,"column":4},"end":{"line":7,"column":49}},"type":"if","locations":[{"start":{"line":7,"column":4},"end":{"line":7,"column":49}},{"start":{},"end":{}}],"line":7}},"s":{"0":1,"1":1,"2":1,"3":0,"4":1,"5":1,"6":2,"7":2,"8":2,"9":2,"10":2,"11":1,"12":4,"13":4,"14":4,"15":4,"16":4,"17":4,"18":4,"19":4,"20":4,"21":4,"22":4,"23":4,"24":4,"25":4,"26":4,"27":4,"28":4,"29":4,"30":4,"31":4,"32":4,"33":4,"34":4,"35":4,"36":4,"37":4,"38":4,"39":4,"40":4,"41":4,"42":4,"43":4,"44":4,"45":4,"46":4,"47":4,"48":4,"49":4,"50":4,"51":4,"52":4,"53":4,"54":4,"55":4,"56":4,"57":4,"58":4,"59":4,"60":4,"61":4,"62":4,"63":4,"64":4,"65":4,"66":4,"67":4,"68":4,"69":4,"70":4,"71":4,"72":4,"73":4,"74":4,"75":4,"76":4,"77":1},"f":{"0":1,"1":1,"2":4},"b":{"0":[0,1]},"_coverageSchema":"1a1c01bbd47fc00a2c39e90264f33305004495a9","hash":"18c3698981cfdbd53a59862376bd944296cc747c"}
,"/Users/ritaaktay/Projects/javascript/news-summary-challenge/src/newYorkTimesApi.js": {"path":"/Users/ritaaktay/Projects/javascript/news-summary-challenge/src/newYorkTimesApi.js","statementMap":{"0":{"start":{"line":1,"column":16},"end":{"line":1,"column":36}},"1":{"start":{"line":5,"column":4},"end":{"line":5,"column":60}},"2":{"start":{"line":6,"column":4},"end":{"line":6,"column":40}},"3":{"start":{"line":10,"column":21},"end":{"line":10,"column":49}},"4":{"start":{"line":11,"column":4},"end":{"line":11,"column":20}},"5":{"start":{"line":15,"column":17},"end":{"line":15,"column":28}},"6":{"start":{"line":16,"column":16},"end":{"line":16,"column":45}},"7":{"start":{"line":17,"column":21},"end":{"line":17,"column":63}},"8":{"start":{"line":17,"column":52},"end":{"line":17,"column":62}},"9":{"start":{"line":18,"column":4},"end":{"line":18,"column":28}},"10":{"start":{"line":22,"column":0},"end":{"line":22,"column":33}}},"fnMap":{"0":{"name":"(anonymous_0)","decl":{"start":{"line":4,"column":2},"end":{"line":4,"column":3}},"loc":{"start":{"line":4,"column":16},"end":{"line":7,"column":3}},"line":4},"1":{"name":"(anonymous_1)","decl":{"start":{"line":9,"column":2},"end":{"line":9,"column":3}},"loc":{"start":{"line":9,"column":22},"end":{"line":12,"column":3}},"line":9},"2":{"name":"(anonymous_2)","decl":{"start":{"line":14,"column":2},"end":{"line":14,"column":3}},"loc":{"start":{"line":14,"column":26},"end":{"line":19,"column":3}},"line":14},"3":{"name":"(anonymous_3)","decl":{"start":{"line":17,"column":43},"end":{"line":17,"column":44}},"loc":{"start":{"line":17,"column":52},"end":{"line":17,"column":62}},"line":17}},"branchMap":{},"s":{"0":1,"1":1,"2":1,"3":1,"4":1,"5":1,"6":1,"7":1,"8":1,"9":1,"10":1},"f":{"0":1,"1":1,"2":1,"3":1},"b":{},"_coverageSchema":"1a1c01bbd47fc00a2c39e90264f33305004495a9","hash":"765f7dc6762350b7b07a7d145ba84d8623ae0263"}
}
