{"/Users/elly/Desktop/Projects/news-summary-challenge/spec/new-list-modelSpec.js":{"path":"/Users/elly/Desktop/Projects/news-summary-challenge/spec/new-list-modelSpec.js","s":{"1":1,"2":1,"3":1,"4":1,"5":1,"6":1,"7":1,"8":1,"9":0,"10":1,"11":1,"12":1,"13":1,"14":1,"15":0,"16":0,"17":0},"b":{},"f":{"1":1,"2":1,"3":0,"4":1,"5":1},"fnMap":{"1":{"name":"(anonymous_1)","line":56,"loc":{"start":{"line":56,"column":21},"end":{"line":56,"column":32}}},"2":{"name":"(anonymous_2)","line":58,"loc":{"start":{"line":58,"column":13},"end":{"line":58,"column":25}}},"3":{"name":"(anonymous_3)","line":61,"loc":{"start":{"line":61,"column":24},"end":{"line":61,"column":39}}},"4":{"name":"(anonymous_4)","line":66,"loc":{"start":{"line":66,"column":12},"end":{"line":66,"column":24}}},"5":{"name":"(anonymous_5)","line":70,"loc":{"start":{"line":70,"column":43},"end":{"line":70,"column":55}}}},"statementMap":{"1":{"start":{"line":1,"column":0},"end":{"line":1,"column":29}},"2":{"start":{"line":3,"column":0},"end":{"line":3,"column":58}},"3":{"start":{"line":5,"column":0},"end":{"line":54,"column":2}},"4":{"start":{"line":56,"column":0},"end":{"line":80,"column":3}},"5":{"start":{"line":58,"column":2},"end":{"line":64,"column":5}},"6":{"start":{"line":59,"column":4},"end":{"line":59,"column":45}},"7":{"start":{"line":60,"column":4},"end":{"line":60,"column":38}},"8":{"start":{"line":61,"column":4},"end":{"line":63,"column":6}},"9":{"start":{"line":62,"column":6},"end":{"line":62,"column":25}},"10":{"start":{"line":66,"column":2},"end":{"line":68,"column":5}},"11":{"start":{"line":67,"column":4},"end":{"line":67,"column":23}},"12":{"start":{"line":70,"column":2},"end":{"line":78,"column":5}},"13":{"start":{"line":71,"column":4},"end":{"line":71,"column":31}},"14":{"start":{"line":72,"column":4},"end":{"line":72,"column":50}},"15":{"start":{"line":73,"column":4},"end":{"line":75,"column":9}},"16":{"start":{"line":76,"column":4},"end":{"line":76,"column":25}},"17":{"start":{"line":77,"column":4},"end":{"line":77,"column":36}}},"branchMap":{}},"/Users/elly/Desktop/Projects/news-summary-challenge/src/news-list-model.js":{"path":"/Users/elly/Desktop/Projects/news-summary-challenge/src/news-list-model.js","s":{"1":1,"2":1,"3":1,"4":1,"5":1,"6":1,"7":1,"8":0,"9":0,"10":0,"11":0,"12":1,"13":0,"14":0,"15":1,"16":1,"17":1,"18":1,"19":1,"20":1,"21":0,"22":1,"23":1},"b":{"1":[0,1]},"f":{"1":1,"2":1,"3":0,"4":0,"5":0,"6":0,"7":1,"8":1},"fnMap":{"1":{"name":"(anonymous_1)","line":3,"loc":{"start":{"line":3,"column":1},"end":{"line":3,"column":19}}},"2":{"name":"NewsList","line":4,"loc":{"start":{"line":4,"column":2},"end":{"line":4,"column":31}}},"3":{"name":"(anonymous_3)","line":10,"loc":{"start":{"line":10,"column":33},"end":{"line":10,"column":51}}},"4":{"name":"(anonymous_4)","line":13,"loc":{"start":{"line":13,"column":20},"end":{"line":13,"column":32}}},"5":{"name":"(anonymous_5)","line":19,"loc":{"start":{"line":19,"column":32},"end":{"line":19,"column":45}}},"6":{"name":"(anonymous_6)","line":20,"loc":{"start":{"line":20,"column":30},"end":{"line":20,"column":45}}},"7":{"name":"(anonymous_7)","line":25,"loc":{"start":{"line":25,"column":31},"end":{"line":25,"column":42}}},"8":{"name":"(anonymous_8)","line":31,"loc":{"start":{"line":31,"column":21},"end":{"line":31,"column":33}}}},"statementMap":{"1":{"start":{"line":1,"column":0},"end":{"line":1,"column":62}},"2":{"start":{"line":3,"column":0},"end":{"line":39,"column":8}},"3":{"start":{"line":4,"column":2},"end":{"line":8,"column":3}},"4":{"start":{"line":5,"column":4},"end":{"line":5,"column":23}},"5":{"start":{"line":6,"column":4},"end":{"line":6,"column":55}},"6":{"start":{"line":7,"column":4},"end":{"line":7,"column":19}},"7":{"start":{"line":10,"column":2},"end":{"line":17,"column":4}},"8":{"start":{"line":11,"column":4},"end":{"line":11,"column":20}},"9":{"start":{"line":13,"column":4},"end":{"line":16,"column":6}},"10":{"start":{"line":14,"column":6},"end":{"line":14,"column":105}},"11":{"start":{"line":15,"column":6},"end":{"line":15,"column":30}},"12":{"start":{"line":19,"column":2},"end":{"line":23,"column":4}},"13":{"start":{"line":20,"column":4},"end":{"line":22,"column":6}},"14":{"start":{"line":21,"column":6},"end":{"line":21,"column":27}},"15":{"start":{"line":25,"column":2},"end":{"line":36,"column":4}},"16":{"start":{"line":26,"column":4},"end":{"line":26,"column":20}},"17":{"start":{"line":27,"column":4},"end":{"line":27,"column":39}},"18":{"start":{"line":28,"column":4},"end":{"line":28,"column":217}},"19":{"start":{"line":31,"column":4},"end":{"line":34,"column":5}},"20":{"start":{"line":32,"column":6},"end":{"line":32,"column":46}},"21":{"start":{"line":33,"column":6},"end":{"line":33,"column":44}},"22":{"start":{"line":35,"column":4},"end":{"line":35,"column":19}},"23":{"start":{"line":38,"column":2},"end":{"line":38,"column":29}}},"branchMap":{"1":{"line":6,"type":"cond-expr","locations":[{"start":{"line":6,"column":32},"end":{"line":6,"column":41}},{"start":{"line":6,"column":44},"end":{"line":6,"column":54}}]}}},"/Users/elly/Desktop/Projects/news-summary-challenge/spec/news-modelSpec.js":{"path":"/Users/elly/Desktop/Projects/news-summary-challenge/spec/news-modelSpec.js","s":{"1":1,"2":1,"3":1,"4":1,"5":1,"6":1,"7":1,"8":1},"b":{},"f":{"1":1,"2":1,"3":1},"fnMap":{"1":{"name":"(anonymous_1)","line":5,"loc":{"start":{"line":5,"column":17},"end":{"line":5,"column":28}}},"2":{"name":"(anonymous_2)","line":9,"loc":{"start":{"line":9,"column":13},"end":{"line":9,"column":24}}},"3":{"name":"(anonymous_3)","line":13,"loc":{"start":{"line":13,"column":21},"end":{"line":13,"column":32}}}},"statementMap":{"1":{"start":{"line":1,"column":0},"end":{"line":1,"column":49}},"2":{"start":{"line":3,"column":0},"end":{"line":3,"column":23}},"3":{"start":{"line":5,"column":0},"end":{"line":18,"column":3}},"4":{"start":{"line":7,"column":2},"end":{"line":7,"column":12}},"5":{"start":{"line":9,"column":2},"end":{"line":11,"column":5}},"6":{"start":{"line":10,"column":4},"end":{"line":10,"column":53}},"7":{"start":{"line":13,"column":2},"end":{"line":15,"column":5}},"8":{"start":{"line":14,"column":4},"end":{"line":14,"column":31}}},"branchMap":{}},"/Users/elly/Desktop/Projects/news-summary-challenge/src/news-model.js":{"path":"/Users/elly/Desktop/Projects/news-summary-challenge/src/news-model.js","s":{"1":1,"2":1,"3":1,"4":1,"5":1,"6":1,"7":1,"8":1,"9":1,"10":1},"b":{},"f":{"1":1,"2":1},"fnMap":{"1":{"name":"(anonymous_1)","line":1,"loc":{"start":{"line":1,"column":1},"end":{"line":1,"column":19}}},"2":{"name":"News","line":4,"loc":{"start":{"line":4,"column":2},"end":{"line":4,"column":51}}}},"statementMap":{"1":{"start":{"line":1,"column":0},"end":{"line":15,"column":8}},"2":{"start":{"line":2,"column":2},"end":{"line":2,"column":13}},"3":{"start":{"line":4,"column":2},"end":{"line":12,"column":3}},"4":{"start":{"line":5,"column":4},"end":{"line":5,"column":23}},"5":{"start":{"line":6,"column":4},"end":{"line":6,"column":21}},"6":{"start":{"line":7,"column":4},"end":{"line":7,"column":19}},"7":{"start":{"line":8,"column":4},"end":{"line":9,"column":20}},"8":{"start":{"line":10,"column":4},"end":{"line":10,"column":8}},"9":{"start":{"line":11,"column":4},"end":{"line":11,"column":17}},"10":{"start":{"line":14,"column":2},"end":{"line":14,"column":21}}},"branchMap":{}}}